<?xml version="1.0" encoding="UTF-8"?>
<testsuites name="FunctionalTest" time="53.446" tests="1" failures="0" errors="0">
   <testsuite name="FunctionalTest" tests="1" failures="0" errors="0" time="53.446" timestamp="2020-05-26 20:12:34" hostname="owner - DESKTOP-CPQJ951.mshome.net" id="Test Suites/FunctionalTest">
      <properties>
         <property name="deviceName" value="Xiaomi Redmi Note 7 Pro (Android 9)"/>
         <property name="devicePlatform" value=""/>
         <property name="logFolder" value="C:\\Users\\owner\\git\\MobileAutomation\\Reports\\20200526_201231\\FunctionalTest\\20200526_201231"/>
         <property name="logFiles" value="C:\\Users\\owner\\git\\MobileAutomation\\Reports\\20200526_201231\\FunctionalTest\\20200526_201231\\appium.log, C:\\Users\\owner\\git\\MobileAutomation\\Reports\\20200526_201231\\FunctionalTest\\20200526_201231\\execution0.log"/>
         <property name="attachments" value=""/>
         <property name="hostName" value="owner - DESKTOP-CPQJ951.mshome.net"/>
         <property name="os" value="Windows 10 64bit"/>
         <property name="appiumServerStatus" value="{\&quot;value\&quot;:{\&quot;build\&quot;:{\&quot;version\&quot;:\&quot;1.17.1\&quot;}},\&quot;sessionId\&quot;:null,\&quot;status\&quot;:0}"/>
         <property name="katalonVersion" value="7.4.0.1"/>
         <property name="deviceOS" value="Android"/>
         <property name="appiumVersion" value="1.17.1"/>
         <property name="deviceModel" value="Redmi Note 7 Pro"/>
         <property name="hostAddress" value="192.168.137.1"/>
         <property name="deviceManufacturer" value="Xiaomi"/>
         <property name="deviceId" value="2a10ca3f"/>
         <property name="deviceName" value="Xiaomi Redmi Note 7 Pro (Android 9)"/>
         <property name="deviceOSVersion" value="9"/>
      </properties>
      <testcase name="Test Cases/LoginFeature" time="53.067" classname="Test Cases/LoginFeature" status="PASSED">
         <system-out><![CDATA[2020-05-26 20:12:35 - [TEST_CASE][PASSED] - Test Cases/LoginFeature: Test Cases/LoginFeature

2020-05-26 20:12:35 - [TEST_STEP][PASSED] - runFeatureFile("Include/features/login.feature"): Feature file: 'Include/features/login.feature' was passed

2020-05-26 20:12:35 - [MESSAGE][INFO] - Starting run keyword runFeatureFile: 'Include/features/login.feature' and extract report to folder: 'C:\Users\owner\git\MobileAutomation\Reports\20200526_201231\FunctionalTest\20200526_201231/cucumber_report/1590504155658'...

2020-05-26 20:12:36 - [TEST_CASE][PASSED] - Start Test Case : SCENARIO Valid inputs provided: SCENARIO Valid inputs provided

2020-05-26 20:12:36 - [TEST_STEP][PASSED] - User is on the application Homepage: User is on the application Homepage

2020-05-26 20:12:38 - [MESSAGE][INFO] - Appium server started on port 50,466

2020-05-26 20:13:03 - [MESSAGE][PASSED] - Started app at: 'C:\Users\owner\Downloads\ShopClues Online Shopping App_v3.6.3_apkpure.com.apk'

2020-05-26 20:13:03 - [MESSAGE][PASSED] - User is on the application Homepage

2020-05-26 20:13:03 - [TEST_STEP][PASSED] - user navigates to Account Section: user navigates to Account Section

2020-05-26 20:13:03 - [MESSAGE][WARNING] - Timeout '0' is invalid. Using default page load timeout: '30'

2020-05-26 20:13:09 - [MESSAGE][PASSED] - Tapped on element 'Object Repository/android.widget.TextView0 - Account'

2020-05-26 20:13:09 - [MESSAGE][WARNING] - Timeout '0' is invalid. Using default page load timeout: '30'

2020-05-26 20:13:11 - [MESSAGE][PASSED] - Tapped on element 'Object Repository/android.widget.Button0 - Sign in'

2020-05-26 20:13:12 - [MESSAGE][PASSED] - Press back button successfully

2020-05-26 20:13:12 - [MESSAGE][PASSED] - user navigates to Account Section

2020-05-26 20:13:12 - [TEST_STEP][PASSED] - user enters credentials and hits Login: user enters credentials and hits Login

2020-05-26 20:13:12 - [MESSAGE][WARNING] - Timeout '0' is invalid. Using default page load timeout: '30'

2020-05-26 20:13:14 - [MESSAGE][PASSED] - Text 'shekhar1237@gmail.com' has been set to element 'Object Repository/android.widget.EditText0 - Enter your mobile number or email id'

2020-05-26 20:13:14 - [MESSAGE][WARNING] - Timeout '0' is invalid. Using default page load timeout: '30'

2020-05-26 20:13:16 - [MESSAGE][PASSED] - Tapped on element 'Object Repository/android.widget.TextView0 - Login via Password'

2020-05-26 20:13:16 - [MESSAGE][WARNING] - Timeout '0' is invalid. Using default page load timeout: '30'

2020-05-26 20:13:17 - [MESSAGE][PASSED] - Encrypted text 'K9UX314tQyr2S0lGlOYlEQ==' has been set to element 'Object Repository/android.widget.EditText0 - Enter your password'

2020-05-26 20:13:17 - [MESSAGE][WARNING] - Timeout '0' is invalid. Using default page load timeout: '30'

2020-05-26 20:13:19 - [MESSAGE][PASSED] - Tapped on element 'Object Repository/android.widget.TextView0 - Login'

2020-05-26 20:13:19 - [MESSAGE][WARNING] - Timeout '0' is invalid. Using default page load timeout: '30'

2020-05-26 20:13:22 - [MESSAGE][PASSED] - Tapped on element 'Object Repository/android.widget.Button0 - OK'

2020-05-26 20:13:22 - [MESSAGE][WARNING] - Timeout '0' is invalid. Using default page load timeout: '30'

2020-05-26 20:13:24 - [MESSAGE][PASSED] - Tapped on element 'Object Repository/android.widget.TextView0 - Skip'

2020-05-26 20:13:24 - [MESSAGE][PASSED] - user enters credentials and hits Login

2020-05-26 20:13:24 - [TEST_STEP][PASSED] - verify MyOrders section is present: verify MyOrders section is present

2020-05-26 20:13:24 - [MESSAGE][PASSED] - Actual text and expected text of test object 'Object Repository/android.widget.TextView0 - My Orders' are matched.

2020-05-26 20:13:24 - [MESSAGE][PASSED] - verify MyOrders section is present

2020-05-26 20:13:24 - [TEST_STEP][PASSED] - closes the application: closes the application

2020-05-26 20:13:27 - [MESSAGE][PASSED] - Close app successfully

2020-05-26 20:13:27 - [MESSAGE][PASSED] - closes the application

2020-05-26 20:13:28 - [MESSAGE][PASSED] - Feature file: 'Include/features/login.feature' was passed]]></system-out>
         <system-err><![CDATA[]]></system-err>
      </testcase>
      <system-out><![CDATA[2020-05-26 20:12:34 - [TEST_SUITE][PASSED] - FunctionalTest: Test Cases/LoginFeature]]></system-out>
      <system-err><![CDATA[]]></system-err>
   </testsuite>
</testsuites>
